<?xml version="1.0" encoding="UTF-8"?>
<!-- Generated by org.testng.reporters.JUnitReportReporter -->
<testsuite skipped="0" hostname="ajitbiswas-laptop" name="scripts.TestInvalidLogin" tests="1" failures="0" timestamp="01 Apr 2018 08:33:32 GMT" time="60.412" errors="0">
  <testcase name="testInvalidLogin" time="60.412" classname="scripts.TestInvalidLogin"/>
</testsuite> <!-- scripts.TestInvalidLogin -->
