<?xml version="1.0" encoding="UTF-8"?>
<!-- Generated by org.testng.reporters.JUnitReportReporter -->
<testsuite skipped="0" hostname="ajitbiswas-laptop" name="scripts.TestValidLogin" tests="1" failures="0" timestamp="01 Apr 2018 08:33:32 GMT" time="21.660" errors="0">
  <testcase name="testValidLogin" time="21.660" classname="scripts.TestValidLogin"/>
</testsuite> <!-- scripts.TestValidLogin -->
